mode: set
github.com/UW-Info-441-Winter-Quarter-2020/homework-alexsthub/servers/gateway/models/users/user.go:55.37,63.16 2 1
github.com/UW-Info-441-Winter-Quarter-2020/homework-alexsthub/servers/gateway/models/users/user.go:66.2,66.26 1 1
github.com/UW-Info-441-Winter-Quarter-2020/homework-alexsthub/servers/gateway/models/users/user.go:69.2,69.36 1 1
github.com/UW-Info-441-Winter-Quarter-2020/homework-alexsthub/servers/gateway/models/users/user.go:72.2,72.27 1 1
github.com/UW-Info-441-Winter-Quarter-2020/homework-alexsthub/servers/gateway/models/users/user.go:75.2,75.40 1 1
github.com/UW-Info-441-Winter-Quarter-2020/homework-alexsthub/servers/gateway/models/users/user.go:78.2,78.12 1 1
github.com/UW-Info-441-Winter-Quarter-2020/homework-alexsthub/servers/gateway/models/users/user.go:63.16,65.3 1 1
github.com/UW-Info-441-Winter-Quarter-2020/homework-alexsthub/servers/gateway/models/users/user.go:66.26,68.3 1 1
github.com/UW-Info-441-Winter-Quarter-2020/homework-alexsthub/servers/gateway/models/users/user.go:69.36,71.3 1 1
github.com/UW-Info-441-Winter-Quarter-2020/homework-alexsthub/servers/gateway/models/users/user.go:72.27,74.3 1 1
github.com/UW-Info-441-Winter-Quarter-2020/homework-alexsthub/servers/gateway/models/users/user.go:75.40,77.3 1 1
github.com/UW-Info-441-Winter-Quarter-2020/homework-alexsthub/servers/gateway/models/users/user.go:83.44,96.16 2 0
github.com/UW-Info-441-Winter-Quarter-2020/homework-alexsthub/servers/gateway/models/users/user.go:100.2,114.18 7 0
github.com/UW-Info-441-Winter-Quarter-2020/homework-alexsthub/servers/gateway/models/users/user.go:96.16,98.3 1 0
github.com/UW-Info-441-Winter-Quarter-2020/homework-alexsthub/servers/gateway/models/users/user.go:122.34,123.51 1 1
github.com/UW-Info-441-Winter-Quarter-2020/homework-alexsthub/servers/gateway/models/users/user.go:123.51,125.3 1 1
github.com/UW-Info-441-Winter-Quarter-2020/homework-alexsthub/servers/gateway/models/users/user.go:125.8,125.58 1 1
github.com/UW-Info-441-Winter-Quarter-2020/homework-alexsthub/servers/gateway/models/users/user.go:125.58,127.3 1 1
github.com/UW-Info-441-Winter-Quarter-2020/homework-alexsthub/servers/gateway/models/users/user.go:127.8,127.58 1 1
github.com/UW-Info-441-Winter-Quarter-2020/homework-alexsthub/servers/gateway/models/users/user.go:127.58,129.3 1 1
github.com/UW-Info-441-Winter-Quarter-2020/homework-alexsthub/servers/gateway/models/users/user.go:129.8,131.3 1 1
github.com/UW-Info-441-Winter-Quarter-2020/homework-alexsthub/servers/gateway/models/users/user.go:135.51,137.16 2 1
github.com/UW-Info-441-Winter-Quarter-2020/homework-alexsthub/servers/gateway/models/users/user.go:140.2,141.12 2 1
github.com/UW-Info-441-Winter-Quarter-2020/homework-alexsthub/servers/gateway/models/users/user.go:137.16,139.3 1 0
github.com/UW-Info-441-Winter-Quarter-2020/homework-alexsthub/servers/gateway/models/users/user.go:146.52,147.24 1 1
github.com/UW-Info-441-Winter-Quarter-2020/homework-alexsthub/servers/gateway/models/users/user.go:150.2,150.84 1 1
github.com/UW-Info-441-Winter-Quarter-2020/homework-alexsthub/servers/gateway/models/users/user.go:153.2,153.12 1 1
github.com/UW-Info-441-Winter-Quarter-2020/homework-alexsthub/servers/gateway/models/users/user.go:147.24,149.3 1 1
github.com/UW-Info-441-Winter-Quarter-2020/homework-alexsthub/servers/gateway/models/users/user.go:150.84,152.3 1 1
github.com/UW-Info-441-Winter-Quarter-2020/homework-alexsthub/servers/gateway/models/users/user.go:158.53,159.33 1 1
github.com/UW-Info-441-Winter-Quarter-2020/homework-alexsthub/servers/gateway/models/users/user.go:162.2,162.32 1 1
github.com/UW-Info-441-Winter-Quarter-2020/homework-alexsthub/servers/gateway/models/users/user.go:165.2,165.12 1 1
github.com/UW-Info-441-Winter-Quarter-2020/homework-alexsthub/servers/gateway/models/users/user.go:159.33,161.3 1 1
github.com/UW-Info-441-Winter-Quarter-2020/homework-alexsthub/servers/gateway/models/users/user.go:162.32,164.3 1 1
