mode: set
github.com/UW-Info-441-Winter-Quarter-2020/homework-alexsthub/servers/gateway/indexes/trie.go:30.22,32.2 1 1
github.com/UW-Info-441-Winter-Quarter-2020/homework-alexsthub/servers/gateway/indexes/trie.go:35.26,37.2 1 1
github.com/UW-Info-441-Winter-Quarter-2020/homework-alexsthub/servers/gateway/indexes/trie.go:40.45,45.23 5 1
github.com/UW-Info-441-Winter-Quarter-2020/homework-alexsthub/servers/gateway/indexes/trie.go:58.2,58.41 1 1
github.com/UW-Info-441-Winter-Quarter-2020/homework-alexsthub/servers/gateway/indexes/trie.go:45.23,47.55 2 1
github.com/UW-Info-441-Winter-Quarter-2020/homework-alexsthub/servers/gateway/indexes/trie.go:55.3,55.43 1 1
github.com/UW-Info-441-Winter-Quarter-2020/homework-alexsthub/servers/gateway/indexes/trie.go:47.55,54.4 2 1
github.com/UW-Info-441-Winter-Quarter-2020/homework-alexsthub/servers/gateway/indexes/trie.go:58.41,61.3 2 1
github.com/UW-Info-441-Winter-Quarter-2020/homework-alexsthub/servers/gateway/indexes/trie.go:67.40,67.57 1 1
github.com/UW-Info-441-Winter-Quarter-2020/homework-alexsthub/servers/gateway/indexes/trie.go:68.40,68.62 1 1
github.com/UW-Info-441-Winter-Quarter-2020/homework-alexsthub/servers/gateway/indexes/trie.go:69.40,69.67 1 0
github.com/UW-Info-441-Winter-Quarter-2020/homework-alexsthub/servers/gateway/indexes/trie.go:72.46,73.29 1 1
github.com/UW-Info-441-Winter-Quarter-2020/homework-alexsthub/servers/gateway/indexes/trie.go:78.2,78.14 1 1
github.com/UW-Info-441-Winter-Quarter-2020/homework-alexsthub/servers/gateway/indexes/trie.go:73.29,74.18 1 1
github.com/UW-Info-441-Winter-Quarter-2020/homework-alexsthub/servers/gateway/indexes/trie.go:74.18,76.4 1 1
github.com/UW-Info-441-Winter-Quarter-2020/homework-alexsthub/servers/gateway/indexes/trie.go:84.53,89.46 5 1
github.com/UW-Info-441-Winter-Quarter-2020/homework-alexsthub/servers/gateway/indexes/trie.go:92.2,93.23 2 1
github.com/UW-Info-441-Winter-Quarter-2020/homework-alexsthub/servers/gateway/indexes/trie.go:102.2,103.21 2 1
github.com/UW-Info-441-Winter-Quarter-2020/homework-alexsthub/servers/gateway/indexes/trie.go:124.2,124.16 1 0
github.com/UW-Info-441-Winter-Quarter-2020/homework-alexsthub/servers/gateway/indexes/trie.go:89.46,91.3 1 1
github.com/UW-Info-441-Winter-Quarter-2020/homework-alexsthub/servers/gateway/indexes/trie.go:93.23,95.61 2 1
github.com/UW-Info-441-Winter-Quarter-2020/homework-alexsthub/servers/gateway/indexes/trie.go:95.61,97.4 1 1
github.com/UW-Info-441-Winter-Quarter-2020/homework-alexsthub/servers/gateway/indexes/trie.go:97.9,99.4 1 1
github.com/UW-Info-441-Winter-Quarter-2020/homework-alexsthub/servers/gateway/indexes/trie.go:103.21,107.39 3 1
github.com/UW-Info-441-Winter-Quarter-2020/homework-alexsthub/servers/gateway/indexes/trie.go:114.3,115.39 2 1
github.com/UW-Info-441-Winter-Quarter-2020/homework-alexsthub/servers/gateway/indexes/trie.go:118.3,119.26 2 1
github.com/UW-Info-441-Winter-Quarter-2020/homework-alexsthub/servers/gateway/indexes/trie.go:107.39,109.27 2 1
github.com/UW-Info-441-Winter-Quarter-2020/homework-alexsthub/servers/gateway/indexes/trie.go:109.27,111.5 1 1
github.com/UW-Info-441-Winter-Quarter-2020/homework-alexsthub/servers/gateway/indexes/trie.go:115.39,117.4 1 1
github.com/UW-Info-441-Winter-Quarter-2020/homework-alexsthub/servers/gateway/indexes/trie.go:119.26,122.4 2 1
github.com/UW-Info-441-Winter-Quarter-2020/homework-alexsthub/servers/gateway/indexes/trie.go:129.48,134.23 5 1
github.com/UW-Info-441-Winter-Quarter-2020/homework-alexsthub/servers/gateway/indexes/trie.go:141.2,144.30 4 1
github.com/UW-Info-441-Winter-Quarter-2020/homework-alexsthub/servers/gateway/indexes/trie.go:150.2,150.12 1 1
github.com/UW-Info-441-Winter-Quarter-2020/homework-alexsthub/servers/gateway/indexes/trie.go:153.2,153.25 1 1
github.com/UW-Info-441-Winter-Quarter-2020/homework-alexsthub/servers/gateway/indexes/trie.go:161.2,162.6 2 1
github.com/UW-Info-441-Winter-Quarter-2020/homework-alexsthub/servers/gateway/indexes/trie.go:134.23,136.61 2 1
github.com/UW-Info-441-Winter-Quarter-2020/homework-alexsthub/servers/gateway/indexes/trie.go:136.61,138.4 1 1
github.com/UW-Info-441-Winter-Quarter-2020/homework-alexsthub/servers/gateway/indexes/trie.go:144.30,145.17 1 1
github.com/UW-Info-441-Winter-Quarter-2020/homework-alexsthub/servers/gateway/indexes/trie.go:145.17,148.4 2 1
github.com/UW-Info-441-Winter-Quarter-2020/homework-alexsthub/servers/gateway/indexes/trie.go:150.12,152.3 1 1
github.com/UW-Info-441-Winter-Quarter-2020/homework-alexsthub/servers/gateway/indexes/trie.go:153.25,155.3 1 1
github.com/UW-Info-441-Winter-Quarter-2020/homework-alexsthub/servers/gateway/indexes/trie.go:155.8,160.3 4 1
github.com/UW-Info-441-Winter-Quarter-2020/homework-alexsthub/servers/gateway/indexes/trie.go:162.6,164.68 1 1
github.com/UW-Info-441-Winter-Quarter-2020/homework-alexsthub/servers/gateway/indexes/trie.go:164.68,167.29 2 1
github.com/UW-Info-441-Winter-Quarter-2020/homework-alexsthub/servers/gateway/indexes/trie.go:170.4,171.45 2 1
github.com/UW-Info-441-Winter-Quarter-2020/homework-alexsthub/servers/gateway/indexes/trie.go:167.29,168.10 1 0
github.com/UW-Info-441-Winter-Quarter-2020/homework-alexsthub/servers/gateway/indexes/trie.go:172.9,173.9 1 1
